<?xml version="1.0" encoding="UTF-8"?>
<!-- Generated by org.testng.reporters.JUnitReportReporter -->
<testsuite hostname="LAIMUMLT9002" failures="0" tests="4" name="api.test.TestUser" time="12.781" errors="0" timestamp="2024-05-03T11:34:43 IST" skipped="0">
  <testcase classname="api.test.TestUser" name="test_postUser" time="2.338"/>
  <testcase classname="api.test.TestUser" name="test_getUser" time="1.212"/>
  <testcase classname="api.test.TestUser" name="test_putUser" time="2.258"/>
  <testcase classname="api.test.TestUser" name="test_deleteUser" time="6.973"/>
</testsuite> <!-- api.test.TestUser -->
