<?xml version="1.0" encoding="UTF-8"?>
<!-- Generated by org.testng.reporters.JUnitReportReporter -->
<testsuite hostname="LAIMUMLT9002" failures="0" tests="4" name="api.test.TestUser" time="7.497" errors="0" timestamp="2024-05-04T17:55:53 IST" skipped="0">
  <testcase classname="api.test.TestUser" name="test_postUser" time="4.018"/>
  <testcase classname="api.test.TestUser" name="test_getUser" time="1.191"/>
  <testcase classname="api.test.TestUser" name="test_putUser" time="1.212"/>
  <testcase classname="api.test.TestUser" name="test_deleteUser" time="1.076"/>
</testsuite> <!-- api.test.TestUser -->
