<?xml version="1.0" encoding="UTF-8"?>
<!-- Generated by org.testng.reporters.JUnitReportReporter -->
<testsuite hostname="LAIMUMLT9002" failures="0" tests="4" name="api.test.TestPet" time="4.446" errors="0" timestamp="2024-05-04T17:55:53 IST" skipped="0">
  <testcase classname="api.test.TestPet" name="test_postPet" time="1.103"/>
  <testcase classname="api.test.TestPet" name="test_getPet" time="1.109"/>
  <testcase classname="api.test.TestPet" name="test_putPet" time="1.106"/>
  <testcase classname="api.test.TestPet" name="test_deletePet" time="1.128"/>
</testsuite> <!-- api.test.TestPet -->
