<?xml version="1.0" encoding="UTF-8"?>
<!-- Generated by org.testng.reporters.JUnitReportReporter -->
<testsuite hostname="LAIMUMLT9002" failures="0" tests="4" name="api.test.TestStore" time="4.493" errors="0" timestamp="2024-05-04T17:55:53 IST" skipped="0">
  <testcase classname="api.test.TestStore" name="test_postStoreOrder" time="1.102"/>
  <testcase classname="api.test.TestStore" name="test_getStoreOrder" time="1.123"/>
  <testcase classname="api.test.TestStore" name="test_viewStoreInventory" time="1.175"/>
  <testcase classname="api.test.TestStore" name="test_deleteStoreOrder" time="1.093"/>
</testsuite> <!-- api.test.TestStore -->
