<?xml version="1.0" encoding="UTF-8"?>
<!-- Generated by org.testng.reporters.JUnitReportReporter -->
<testsuite hostname="LAIMUMLT9002" failures="0" tests="4" name="api.test.TestUser" time="9.641" errors="0" timestamp="2024-05-03T12:20:22 IST" skipped="0">
  <testcase classname="api.test.TestUser" name="test_postUser" time="6.026"/>
  <testcase classname="api.test.TestUser" name="test_getUser" time="1.285"/>
  <testcase classname="api.test.TestUser" name="test_putUser" time="1.188"/>
  <testcase classname="api.test.TestUser" name="test_deleteUser" time="1.142"/>
</testsuite> <!-- api.test.TestUser -->
