<?xml version="1.0" encoding="UTF-8"?>
<!-- Generated by org.testng.reporters.JUnitReportReporter -->
<testsuite hostname="LAIMUMLT9002" failures="0" tests="4" name="api.test.TestPet" time="7.792" errors="0" timestamp="2024-05-04T15:01:16 IST" skipped="0">
  <testcase classname="api.test.TestPet" name="test_postPet" time="4.373"/>
  <testcase classname="api.test.TestPet" name="test_getPet" time="1.143"/>
  <testcase classname="api.test.TestPet" name="test_putPet" time="1.122"/>
  <testcase classname="api.test.TestPet" name="test_deletePet" time="1.154"/>
</testsuite> <!-- api.test.TestPet -->
