<?xml version="1.0" encoding="UTF-8"?>
<!-- Generated by org.testng.reporters.JUnitReportReporter -->
<testsuite hostname="LAIMUMLT9002" failures="0" tests="4" name="api.test.TestUser" time="4.494" errors="0" timestamp="2024-05-04T15:01:16 IST" skipped="0">
  <testcase classname="api.test.TestUser" name="test_postUser" time="1.100"/>
  <testcase classname="api.test.TestUser" name="test_getUser" time="1.132"/>
  <testcase classname="api.test.TestUser" name="test_putUser" time="1.131"/>
  <testcase classname="api.test.TestUser" name="test_deleteUser" time="1.131"/>
</testsuite> <!-- api.test.TestUser -->
